c:\users\noah\projects\game_engine\x64\debug\vc143.pdb
c:\users\noah\projects\game_engine\x64\debug\vc143.idb
c:\users\noah\projects\game_engine\x64\debug\main.obj
c:\users\noah\projects\game_engine\x64\debug\application.obj
c:\users\noah\projects\game_engine\x64\debug\imgui_widgets.obj
c:\users\noah\projects\game_engine\x64\debug\imgui_tables.obj
c:\users\noah\projects\game_engine\x64\debug\imgui_impl_sdlrenderer2.obj
c:\users\noah\projects\game_engine\x64\debug\imgui_impl_sdl2.obj
c:\users\noah\projects\game_engine\x64\debug\imgui_draw.obj
c:\users\noah\projects\game_engine\x64\debug\imgui_demo.obj
c:\users\noah\projects\game_engine\x64\debug\imgui.obj
c:\users\noah\projects\game_engine\x64\debug\glm.obj
c:\users\noah\projects\game_engine\x64\debug\scene.obj
c:\users\noah\projects\game_engine\x64\debug\actor.obj
c:\users\noah\projects\game_engine\x64\debug\sceneserializer.obj
c:\users\noah\projects\game_engine\x64\debug\component.obj
c:\users\noah\projects\game_engine\x64\debug\renderer.obj
c:\users\noah\projects\game_engine\x64\debug\game_engine.ilk
c:\users\noah\projects\game_engine\x64\debug\game_engine.exe
c:\users\noah\projects\game_engine\x64\debug\game_engine.pdb
c:\users\noah\projects\game_engine\x64\debug\gui.obj
c:\users\noah\projects\game_engine\x64\debug\game_engine.tlog\cl.command.1.tlog
c:\users\noah\projects\game_engine\x64\debug\game_engine.tlog\cl.items.tlog
c:\users\noah\projects\game_engine\x64\debug\game_engine.tlog\cl.read.1.tlog
c:\users\noah\projects\game_engine\x64\debug\game_engine.tlog\cl.write.1.tlog
c:\users\noah\projects\game_engine\x64\debug\game_engine.tlog\link.command.1.tlog
c:\users\noah\projects\game_engine\x64\debug\game_engine.tlog\link.read.1.tlog
c:\users\noah\projects\game_engine\x64\debug\game_engine.tlog\link.write.1.tlog
